生成启动时间为 2018/10/14 0:30:06。
     1>项目“E:\CPP\稀疏矩阵乘法\稀疏矩阵乘法\稀疏矩阵乘法.vcxproj”在节点 2 上(build 个目标)。
     1>InitializeBuildStatus:
         正在创建“Debug\稀疏矩阵乘法.unsuccessfulbuild”，因为已指定“AlwaysCreate”。
       ClCompile:
         所有输出均为最新。
       ManifestResourceCompile:
         所有输出均为最新。
       Link:
         E:\VS\VC\bin\link.exe /ERRORREPORT:PROMPT /OUT:"E:\CPP\稀疏矩阵乘法\Debug\稀疏矩阵乘法.exe" /INCREMENTAL /NOLOGO /MANIFEST /ManifestFile:"Debug\稀疏矩阵乘法.exe.intermediate.manifest" /MANIFESTUAC:"level='asInvoker' uiAccess='false'" /DEBUG /PDB:"E:\CPP\稀疏矩阵乘法\Debug\稀疏矩阵乘法.pdb" /SUBSYSTEM:CONSOLE /TLBID:1 /DYNAMICBASE /NXCOMPAT /IMPLIB:"E:\CPP\稀疏矩阵乘法\Debug\稀疏矩阵乘法.lib" /MACHINE:X86 "Debug\稀疏矩阵乘法.exe.embed.manifest.res"
         "Debug\矩阵乘法.obj"
       Manifest:
         C:\Program Files (x86)\Microsoft SDKs\Windows\v7.0A\bin\mt.exe /nologo /verbose /out:"Debug\稀疏矩阵乘法.exe.embed.manifest" /manifest "Debug\稀疏矩阵乘法.exe.intermediate.manifest" E:\VS\VC\Include\Manifest\dpiaware.manifest
         所有输出均为最新。
       LinkEmbedManifest:
         所有输出均为最新。
         稀疏矩阵乘法.vcxproj -> E:\CPP\稀疏矩阵乘法\Debug\稀疏矩阵乘法.exe
       FinalizeBuildStatus:
         正在删除文件“Debug\稀疏矩阵乘法.unsuccessfulbuild”。
         正在对“Debug\稀疏矩阵乘法.lastbuildstate”执行 Touch 任务。
     1>已完成生成项目“E:\CPP\稀疏矩阵乘法\稀疏矩阵乘法\稀疏矩阵乘法.vcxproj”(build 个目标)的操作。

生成成功。

已用时间 00:00:00.47
